0 info it worked if it ends with ok
1 verbose cli [ 'node', '/usr/local/bin/npm', 'install' ]
2 info using npm@1.4.28
3 info using node@v0.10.32
4 verbose readDependencies using package.json deps
5 verbose install where, deps [ '/Users/zhanghengyang/Project/nodejs/avos/techhack',
5 verbose install   [ 'express',
5 verbose install     'ejs',
5 verbose install     'request',
5 verbose install     'underscore',
5 verbose install     'avoscloud-sdk',
5 verbose install     'cheerio',
5 verbose install     'async' ] ]
6 info preinstall application-name@0.0.1
7 verbose readDependencies using package.json deps
8 verbose cache add [ 'avoscloud-sdk@lastest', null ]
9 verbose cache add name=undefined spec="avoscloud-sdk@lastest" args=["avoscloud-sdk@lastest",null]
10 verbose parsed url { protocol: null,
10 verbose parsed url   slashes: null,
10 verbose parsed url   auth: null,
10 verbose parsed url   host: null,
10 verbose parsed url   port: null,
10 verbose parsed url   hostname: null,
10 verbose parsed url   hash: null,
10 verbose parsed url   search: null,
10 verbose parsed url   query: null,
10 verbose parsed url   pathname: 'avoscloud-sdk@lastest',
10 verbose parsed url   path: 'avoscloud-sdk@lastest',
10 verbose parsed url   href: 'avoscloud-sdk@lastest' }
11 verbose cache add [ 'cheerio@latest', null ]
12 verbose cache add name=undefined spec="cheerio@latest" args=["cheerio@latest",null]
13 verbose parsed url { protocol: null,
13 verbose parsed url   slashes: null,
13 verbose parsed url   auth: null,
13 verbose parsed url   host: null,
13 verbose parsed url   port: null,
13 verbose parsed url   hostname: null,
13 verbose parsed url   hash: null,
13 verbose parsed url   search: null,
13 verbose parsed url   query: null,
13 verbose parsed url   pathname: 'cheerio@latest',
13 verbose parsed url   path: 'cheerio@latest',
13 verbose parsed url   href: 'cheerio@latest' }
14 verbose cache add [ 'async@latest', null ]
15 verbose cache add name=undefined spec="async@latest" args=["async@latest",null]
16 verbose parsed url { protocol: null,
16 verbose parsed url   slashes: null,
16 verbose parsed url   auth: null,
16 verbose parsed url   host: null,
16 verbose parsed url   port: null,
16 verbose parsed url   hostname: null,
16 verbose parsed url   hash: null,
16 verbose parsed url   search: null,
16 verbose parsed url   query: null,
16 verbose parsed url   pathname: 'async@latest',
16 verbose parsed url   path: 'async@latest',
16 verbose parsed url   href: 'async@latest' }
17 verbose cache add name="avoscloud-sdk" spec="lastest" args=["avoscloud-sdk","lastest"]
18 verbose parsed url { protocol: null,
18 verbose parsed url   slashes: null,
18 verbose parsed url   auth: null,
18 verbose parsed url   host: null,
18 verbose parsed url   port: null,
18 verbose parsed url   hostname: null,
18 verbose parsed url   hash: null,
18 verbose parsed url   search: null,
18 verbose parsed url   query: null,
18 verbose parsed url   pathname: 'lastest',
18 verbose parsed url   path: 'lastest',
18 verbose parsed url   href: 'lastest' }
19 verbose addNamed [ 'avoscloud-sdk', 'lastest' ]
20 verbose addNamed [ null, null ]
21 verbose cache add name="cheerio" spec="latest" args=["cheerio","latest"]
22 verbose parsed url { protocol: null,
22 verbose parsed url   slashes: null,
22 verbose parsed url   auth: null,
22 verbose parsed url   host: null,
22 verbose parsed url   port: null,
22 verbose parsed url   hostname: null,
22 verbose parsed url   hash: null,
22 verbose parsed url   search: null,
22 verbose parsed url   query: null,
22 verbose parsed url   pathname: 'latest',
22 verbose parsed url   path: 'latest',
22 verbose parsed url   href: 'latest' }
23 verbose addNamed [ 'cheerio', 'latest' ]
24 verbose addNamed [ null, null ]
25 verbose cache add name="async" spec="latest" args=["async","latest"]
26 verbose parsed url { protocol: null,
26 verbose parsed url   slashes: null,
26 verbose parsed url   auth: null,
26 verbose parsed url   host: null,
26 verbose parsed url   port: null,
26 verbose parsed url   hostname: null,
26 verbose parsed url   hash: null,
26 verbose parsed url   search: null,
26 verbose parsed url   query: null,
26 verbose parsed url   pathname: 'latest',
26 verbose parsed url   path: 'latest',
26 verbose parsed url   href: 'latest' }
27 verbose addNamed [ 'async', 'latest' ]
28 verbose addNamed [ null, null ]
29 silly lockFile 86d23142-avoscloud-sdk-lastest avoscloud-sdk@lastest
30 verbose lock avoscloud-sdk@lastest /Users/zhanghengyang/.npm/86d23142-avoscloud-sdk-lastest.lock
31 silly lockFile b5ca765b-cheerio-latest cheerio@latest
32 verbose lock cheerio@latest /Users/zhanghengyang/.npm/b5ca765b-cheerio-latest.lock
33 silly lockFile 0c7fb7b0-async-latest async@latest
34 verbose lock async@latest /Users/zhanghengyang/.npm/0c7fb7b0-async-latest.lock
35 verbose already installed skipping express@3.13.0 /Users/zhanghengyang/Project/nodejs/avos/techhack
36 info addNameTag [ 'avoscloud-sdk', 'lastest' ]
37 verbose already installed skipping ejs@* /Users/zhanghengyang/Project/nodejs/avos/techhack
38 verbose already installed skipping request@* /Users/zhanghengyang/Project/nodejs/avos/techhack
39 info addNameTag [ 'cheerio', 'latest' ]
40 info addNameTag [ 'async', 'latest' ]
41 verbose cache add [ 'underscore@latest', null ]
42 verbose cache add name=undefined spec="underscore@latest" args=["underscore@latest",null]
43 verbose parsed url { protocol: null,
43 verbose parsed url   slashes: null,
43 verbose parsed url   auth: null,
43 verbose parsed url   host: null,
43 verbose parsed url   port: null,
43 verbose parsed url   hostname: null,
43 verbose parsed url   hash: null,
43 verbose parsed url   search: null,
43 verbose parsed url   query: null,
43 verbose parsed url   pathname: 'underscore@latest',
43 verbose parsed url   path: 'underscore@latest',
43 verbose parsed url   href: 'underscore@latest' }
44 verbose cache add name="underscore" spec="latest" args=["underscore","latest"]
45 verbose parsed url { protocol: null,
45 verbose parsed url   slashes: null,
45 verbose parsed url   auth: null,
45 verbose parsed url   host: null,
45 verbose parsed url   port: null,
45 verbose parsed url   hostname: null,
45 verbose parsed url   hash: null,
45 verbose parsed url   search: null,
45 verbose parsed url   query: null,
45 verbose parsed url   pathname: 'latest',
45 verbose parsed url   path: 'latest',
45 verbose parsed url   href: 'latest' }
46 verbose addNamed [ 'underscore', 'latest' ]
47 verbose addNamed [ null, null ]
48 silly lockFile 546e1155-underscore-latest underscore@latest
49 verbose lock underscore@latest /Users/zhanghengyang/.npm/546e1155-underscore-latest.lock
50 verbose request where is /avoscloud-sdk
51 verbose request registry https://registry.npmjs.org/
52 verbose request id f12a82ee925a3313
53 verbose url raw /avoscloud-sdk
54 verbose url resolving [ 'https://registry.npmjs.org/', './avoscloud-sdk' ]
55 verbose url resolved https://registry.npmjs.org/avoscloud-sdk
56 verbose request where is https://registry.npmjs.org/avoscloud-sdk
57 info trying registry request attempt 1 at 15:10:52
58 verbose etag "12KHEWX60EE99AM14QCS4A0HA"
59 http GET https://registry.npmjs.org/avoscloud-sdk
60 verbose request where is /cheerio
61 verbose request registry https://registry.npmjs.org/
62 verbose url raw /cheerio
63 verbose url resolving [ 'https://registry.npmjs.org/', './cheerio' ]
64 verbose url resolved https://registry.npmjs.org/cheerio
65 verbose request where is https://registry.npmjs.org/cheerio
66 info trying registry request attempt 1 at 15:10:52
67 verbose etag "HG2FYD5PJ1HXOF27RY9MJRTR"
68 http GET https://registry.npmjs.org/cheerio
69 info addNameTag [ 'underscore', 'latest' ]
70 verbose request where is /async
71 verbose request registry https://registry.npmjs.org/
72 verbose url raw /async
73 verbose url resolving [ 'https://registry.npmjs.org/', './async' ]
74 verbose url resolved https://registry.npmjs.org/async
75 verbose request where is https://registry.npmjs.org/async
76 info trying registry request attempt 1 at 15:10:52
77 verbose etag "9PXHNTOZI5KPSU5OHYG7R6GGG"
78 http GET https://registry.npmjs.org/async
79 verbose request where is /underscore
80 verbose request registry https://registry.npmjs.org/
81 verbose url raw /underscore
82 verbose url resolving [ 'https://registry.npmjs.org/', './underscore' ]
83 verbose url resolved https://registry.npmjs.org/underscore
84 verbose request where is https://registry.npmjs.org/underscore
85 info trying registry request attempt 1 at 15:10:52
86 verbose etag "8VGMAXOWQHY8S4FUW8H982PST"
87 http GET https://registry.npmjs.org/underscore
88 http 304 https://registry.npmjs.org/underscore
89 silly registry.get cb [ 304,
89 silly registry.get   { date: 'Wed, 22 Oct 2014 07:10:52 GMT',
89 silly registry.get     server: 'Apache',
89 silly registry.get     via: '1.1 varnish',
89 silly registry.get     'last-modified': 'Wed, 22 Oct 2014 07:10:46 GMT',
89 silly registry.get     'cache-control': 'max-age=60',
89 silly registry.get     etag: '"8VGMAXOWQHY8S4FUW8H982PST"',
89 silly registry.get     age: '7',
89 silly registry.get     'x-served-by': 'cache-ty68-TYO',
89 silly registry.get     'x-cache': 'HIT',
89 silly registry.get     'x-cache-hits': '4',
89 silly registry.get     'x-timer': 'S1413961852.875245,VS0,VE0',
89 silly registry.get     vary: 'Accept',
89 silly registry.get     'content-length': '0',
89 silly registry.get     'keep-alive': 'timeout=10, max=50',
89 silly registry.get     connection: 'Keep-Alive' } ]
90 verbose etag https://registry.npmjs.org/underscore from cache
91 verbose addNamed [ 'underscore', '1.7.0' ]
92 verbose addNamed [ '1.7.0', '1.7.0' ]
93 silly lockFile 900da168-underscore-1-7-0 underscore@1.7.0
94 verbose lock underscore@1.7.0 /Users/zhanghengyang/.npm/900da168-underscore-1-7-0.lock
95 silly lockFile 900da168-underscore-1-7-0 underscore@1.7.0
96 silly lockFile 900da168-underscore-1-7-0 underscore@1.7.0
97 silly lockFile 546e1155-underscore-latest underscore@latest
98 silly lockFile 546e1155-underscore-latest underscore@latest
99 info already installed underscore@1.7.0
100 http 304 https://registry.npmjs.org/async
101 silly registry.get cb [ 304,
101 silly registry.get   { date: 'Wed, 22 Oct 2014 07:10:52 GMT',
101 silly registry.get     server: 'Apache',
101 silly registry.get     via: '1.1 varnish',
101 silly registry.get     'last-modified': 'Wed, 22 Oct 2014 07:04:24 GMT',
101 silly registry.get     'cache-control': 'max-age=60',
101 silly registry.get     etag: '"9PXHNTOZI5KPSU5OHYG7R6GGG"',
101 silly registry.get     age: '17',
101 silly registry.get     'x-served-by': 'cache-ty67-TYO',
101 silly registry.get     'x-cache': 'HIT',
101 silly registry.get     'x-cache-hits': '98',
101 silly registry.get     'x-timer': 'S1413961852.979907,VS0,VE0',
101 silly registry.get     vary: 'Accept',
101 silly registry.get     'content-length': '0',
101 silly registry.get     'keep-alive': 'timeout=10, max=50',
101 silly registry.get     connection: 'Keep-Alive' } ]
102 verbose etag https://registry.npmjs.org/async from cache
103 verbose addNamed [ 'async', '0.9.0' ]
104 verbose addNamed [ '0.9.0', '0.9.0' ]
105 silly lockFile 9a58a886-async-0-9-0 async@0.9.0
106 verbose lock async@0.9.0 /Users/zhanghengyang/.npm/9a58a886-async-0-9-0.lock
107 silly lockFile 9a58a886-async-0-9-0 async@0.9.0
108 silly lockFile 9a58a886-async-0-9-0 async@0.9.0
109 silly lockFile 0c7fb7b0-async-latest async@latest
110 silly lockFile 0c7fb7b0-async-latest async@latest
111 info already installed async@0.9.0
112 http 304 https://registry.npmjs.org/avoscloud-sdk
113 silly registry.get cb [ 304,
113 silly registry.get   { date: 'Wed, 22 Oct 2014 07:10:52 GMT',
113 silly registry.get     server: 'Apache',
113 silly registry.get     via: '1.1 varnish',
113 silly registry.get     'last-modified': 'Wed, 22 Oct 2014 06:57:05 GMT',
113 silly registry.get     'cache-control': 'max-age=60',
113 silly registry.get     etag: '"12KHEWX60EE99AM14QCS4A0HA"',
113 silly registry.get     age: '25',
113 silly registry.get     'x-served-by': 'cache-ty68-TYO',
113 silly registry.get     'x-cache': 'HIT',
113 silly registry.get     'x-cache-hits': '3',
113 silly registry.get     'x-timer': 'S1413961852.952168,VS0,VE0',
113 silly registry.get     vary: 'Accept',
113 silly registry.get     'content-length': '0',
113 silly registry.get     'keep-alive': 'timeout=10, max=50',
113 silly registry.get     connection: 'Keep-Alive' } ]
114 verbose etag https://registry.npmjs.org/avoscloud-sdk from cache
115 silly lockFile 86d23142-avoscloud-sdk-lastest avoscloud-sdk@lastest
116 silly lockFile 86d23142-avoscloud-sdk-lastest avoscloud-sdk@lastest
117 http 304 https://registry.npmjs.org/cheerio
118 silly registry.get cb [ 304,
118 silly registry.get   { date: 'Wed, 22 Oct 2014 07:10:52 GMT',
118 silly registry.get     server: 'Apache',
118 silly registry.get     via: '1.1 varnish',
118 silly registry.get     'last-modified': 'Wed, 22 Oct 2014 07:10:33 GMT',
118 silly registry.get     'cache-control': 'max-age=60',
118 silly registry.get     etag: '"HG2FYD5PJ1HXOF27RY9MJRTR"',
118 silly registry.get     age: '20',
118 silly registry.get     'x-served-by': 'cache-ty67-TYO',
118 silly registry.get     'x-cache': 'HIT',
118 silly registry.get     'x-cache-hits': '3',
118 silly registry.get     'x-timer': 'S1413961852.980326,VS0,VE0',
118 silly registry.get     vary: 'Accept',
118 silly registry.get     'content-length': '0',
118 silly registry.get     'keep-alive': 'timeout=10, max=50',
118 silly registry.get     connection: 'Keep-Alive' } ]
119 verbose etag https://registry.npmjs.org/cheerio from cache
120 verbose addNamed [ 'cheerio', '0.17.0' ]
121 verbose addNamed [ '0.17.0', '0.17.0' ]
122 silly lockFile 26cb7f10-cheerio-0-17-0 cheerio@0.17.0
123 verbose lock cheerio@0.17.0 /Users/zhanghengyang/.npm/26cb7f10-cheerio-0-17-0.lock
124 silly lockFile 26cb7f10-cheerio-0-17-0 cheerio@0.17.0
125 silly lockFile 26cb7f10-cheerio-0-17-0 cheerio@0.17.0
126 silly lockFile b5ca765b-cheerio-latest cheerio@latest
127 silly lockFile b5ca765b-cheerio-latest cheerio@latest
128 info already installed cheerio@0.17.0
129 error notarget No compatible version found: avoscloud-sdk@'lastest'
129 error notarget Valid install targets:
129 error notarget ["0.1.0","0.2.0","0.2.2","0.2.3","0.2.4","0.2.5","0.2.6","0.2.7","0.2.8","0.3.0","0.3.1","0.3.2","0.3.3","0.3.4","0.3.6","0.3.7","0.4.1","0.4.2","0.4.3","0.4.4"]
129 error notarget
129 error notarget This is most likely not a problem with npm itself.
129 error notarget In most cases you or one of your dependencies are requesting
129 error notarget a package version that doesn't exist.
130 error System Darwin 13.3.0
131 error command "node" "/usr/local/bin/npm" "install"
132 error cwd /Users/zhanghengyang/Project/nodejs/avos/techhack
133 error node -v v0.10.32
134 error npm -v 1.4.28
135 error code ETARGET
136 verbose exit [ 1, true ]
